<?xml version="1.0" encoding="UTF-8"?>
<beans xmlns="http://www.springframework.org/schema/beans"
	xmlns:xsi="http://www.w3.org/2001/XMLSchema-instance" xmlns:context="http://www.springframework.org/schema/context"
	xsi:schemaLocation="http://www.springframework.org/schema/beans
        http://www.springframework.org/schema/beans/spring-beans-3.0.xsd
        http://www.springframework.org/schema/context
        http://www.springframework.org/schema/context/spring-context-3.0.xsd"
	default-autowire="byName">

	<context:component-scan base-package="org.aphillips.hw.impl" />

	<!-- bean id="myDataSource" class="org.apache.commons.dbcp.BasicDataSource" 
		destroy-method="close"> <property name="driverClassName" value="org.hsqldb.jdbcDriver" 
		/> <property name="url" value="jdbc:hsqldb:hsql://localhost:9001" /> <property 
		name="username" value="sa" /> <property name="password" value="" /> </bean -->

	<bean id="myDataSource" class="org.apache.commons.dbcp.BasicDataSource"
		destroy-method="close">
		<property name="driverClassName" value="com.mysql.jdbc.Driver" />
		<property name="url" value="jdbc:mysql://localhost:3306/hw" />
		<property name="username" value="root" />
		<property name="password" value="root" />
	</bean>

	<!-- <bean id="sessionFactory" -->
	<!-- class="org.springframework.orm.hibernate3.annotation.AnnotationSessionFactoryBean"> -->
	<!-- <property name="dataSource" ref="myDataSource" /> -->
	<!-- <property name="packagesToScan" value="org.aphillips.hw.domain" /> -->
	<!-- <property name="configurationClass"> -->
	<!-- <value>org.hibernate.cfg.AnnotationConfiguration</value> -->
	<!-- </property> -->
	<!-- <property name="eventListeners"> -->
	<!-- <map/> -->
	<!-- </property> -->
	<!-- </bean> -->

	<bean id="sessionFactory"
		class="org.springframework.orm.hibernate3.annotation.AnnotationSessionFactoryBean">
		<property name="dataSource" ref="myDataSource" />
		<property name="annotatedClasses">
			<list>
				<value>org.aphillips.hw.domain.User</value>
			</list>
		</property>
		<property name="hibernateProperties">
			<props>
				<prop key="hibernate.dialect">org.hibernate.dialect.MySQLDialect</prop>
				<prop key="hibernate.show_sql">true</prop>
				<prop key="hibernate.hbm2ddl.auto">create</prop>
			</props>
		</property>
	</bean>


	<!-- bean id="mySessionFactory" class="org.springframework.orm.hibernate3.LocalSessionFactoryBean"> 
		<property name="dataSource" ref="myDataSource" /> <property name="mappingResources"> 
		<list> <value>product.hbm.xml</value> </list> </property> <property name="hibernateProperties"> 
		<value> hibernate.dialect=org.hibernate.dialect.HSQLDialect </value> </property> 
		</bean -->

</beans>